<?xml version="1.0" encoding="UTF-8"?>
<testsuite xmlns:xsi="http://www.w3.org/2001/XMLSchema-instance" xsi:noNamespaceSchemaLocation="https://maven.apache.org/surefire/maven-surefire-plugin/xsd/surefire-test-report.xsd" name="Cucumber.Options.TestRunner" time="8.856" tests="4" errors="0" skipped="0" failures="0">
  <properties>
[...]
</properties>
  <testcase name="Verify if place is being successfully added using AddPlaceAPU #1" classname="Validating Place APIs" time="5.13"/>
  <testcase name="Verify if place is being successfully added using AddPlaceAPU #2" classname="Validating Place APIs" time="1.047"/>
  <testcase name="Verify if place is being successfully added using AddPlaceAPU #3" classname="Validating Place APIs" time="1.186"/>
  <testcase name="Verify if place is being successfully added using AddPlaceAPU #4" classname="Validating Place APIs" time="0.93"/>
</testsuite>